Watching for file changes with StatReloader
Internal Server Error: /
Traceback (most recent call last):
  File "S:\all projects\25\quiz-exam\.venv\Lib\site-packages\django\core\handlers\exception.py", line 55, in inner
    response = get_response(request)
               ^^^^^^^^^^^^^^^^^^^^^
  File "S:\all projects\25\quiz-exam\.venv\Lib\site-packages\django\core\handlers\base.py", line 220, in _get_response
    response = response.render()
               ^^^^^^^^^^^^^^^^^
  File "S:\all projects\25\quiz-exam\.venv\Lib\site-packages\django\template\response.py", line 114, in render
    self.content = self.rendered_content
                   ^^^^^^^^^^^^^^^^^^^^^
  File "S:\all projects\25\quiz-exam\.venv\Lib\site-packages\django\template\response.py", line 90, in rendered_content
    template = self.resolve_template(self.template_name)
               ^^^^^^^^^^^^^^^^^^^^^^^^^^^^^^^^^^^^^^^^^
  File "S:\all projects\25\quiz-exam\.venv\Lib\site-packages\django\template\response.py", line 72, in resolve_template
    return select_template(template, using=self.using)
           ^^^^^^^^^^^^^^^^^^^^^^^^^^^^^^^^^^^^^^^^^^^
  File "S:\all projects\25\quiz-exam\.venv\Lib\site-packages\django\template\loader.py", line 47, in select_template
    raise TemplateDoesNotExist(", ".join(template_name_list), chain=chain)
django.template.exceptions.TemplateDoesNotExist: login.html
"GET / HTTP/1.1" 500 94220
S:\all projects\25\quiz-exam\exam_taker\exam_taker\settings.py changed, reloading.
Watching for file changes with StatReloader
"GET / HTTP/1.1" 200 2470
Not Found: /api/token-auth/
"POST /api/token-auth/ HTTP/1.1" 404 3323
Not Found: /api/token-auth/
"POST /api/token-auth/ HTTP/1.1" 404 3323
Not Found: /api/token-auth/
"POST /api/token-auth/ HTTP/1.1" 404 3323
Not Found: /api/token-auth/
"POST /api/token-auth/ HTTP/1.1" 404 3323
"GET /admin HTTP/1.1" 301 0
"GET /admin/ HTTP/1.1" 302 0
"GET /admin/login/?next=/admin/ HTTP/1.1" 200 4181
"POST /admin/login/?next=/admin/ HTTP/1.1" 302 0
"GET /admin/ HTTP/1.1" 200 5152
"GET / HTTP/1.1" 200 2470
Not Found: /api/token-auth/
"POST /api/token-auth/ HTTP/1.1" 404 3323
